INFO 2025-08-04 19:46:36,010 autoreload 25076 9104 Watching for file changes with StatReloader
INFO 2025-08-04 19:48:51,660 autoreload 16412 8444 Watching for file changes with StatReloader
INFO 2025-08-04 19:48:58,017 basehttp 16412 13552 "GET / HTTP/1.1" 302 0
INFO 2025-08-04 19:48:58,071 basehttp 16412 13552 "GET /auth/register/ HTTP/1.1" 200 3675
WARNING 2025-08-04 19:48:58,380 log 16412 13552 Not Found: /favicon.ico
WARNING 2025-08-04 19:48:58,381 basehttp 16412 13552 "GET /favicon.ico HTTP/1.1" 404 179
INFO 2025-08-04 19:49:03,075 basehttp 16412 13552 "GET /auth/login/ HTTP/1.1" 200 3668
INFO 2025-08-04 19:49:15,058 basehttp 16412 13552 - Broken pipe from ('127.0.0.1', 60902)
INFO 2025-08-04 19:49:17,408 basehttp 16412 17996 "POST /auth/login/ HTTP/1.1" 302 0
INFO 2025-08-04 19:49:17,546 basehttp 16412 17996 "GET /problems/ HTTP/1.1" 200 2666
INFO 2025-08-04 19:49:30,006 basehttp 16412 17996 - Broken pipe from ('127.0.0.1', 60903)
INFO 2025-08-04 19:49:30,007 basehttp 16412 7416 "GET /problem/SUM2NUM/ HTTP/1.1" 200 26828
INFO 2025-08-04 19:49:57,063 basehttp 16412 7416 "POST /problem/SUM2NUM/ HTTP/1.1" 302 0
INFO 2025-08-04 19:49:57,097 basehttp 16412 7416 "GET /problem/SUM2NUM/ HTTP/1.1" 200 28035
INFO 2025-08-04 19:50:37,708 basehttp 16412 7416 "GET /compiler/ai-review/36/ HTTP/1.1" 200 106
INFO 2025-08-04 19:51:30,015 basehttp 16412 14436 "GET /compiler/ai-review/36/ HTTP/1.1" 200 112
INFO 2025-08-04 19:51:34,034 basehttp 16412 14436 "GET /compiler/ai-review/36/ HTTP/1.1" 200 112
INFO 2025-08-04 19:51:52,521 basehttp 16412 14436 "GET /compiler/ai-review/36/ HTTP/1.1" 200 112
INFO 2025-08-04 19:59:50,100 basehttp 16412 27376 "GET /problem/SUM2NUM/ HTTP/1.1" 200 27647
INFO 2025-08-04 19:59:52,306 basehttp 16412 27376 "GET /compiler/ai-review/36/ HTTP/1.1" 200 112
INFO 2025-08-04 20:01:02,648 autoreload 20028 13724 Watching for file changes with StatReloader
INFO 2025-08-04 20:01:08,685 basehttp 20028 26480 "GET / HTTP/1.1" 302 0
INFO 2025-08-04 20:01:08,795 basehttp 20028 26480 "GET /auth/register/ HTTP/1.1" 200 3675
WARNING 2025-08-04 20:01:08,982 log 20028 26480 Not Found: /favicon.ico
WARNING 2025-08-04 20:01:08,983 basehttp 20028 26480 "GET /favicon.ico HTTP/1.1" 404 179
INFO 2025-08-04 20:01:10,375 basehttp 20028 26480 "GET /auth/login/ HTTP/1.1" 200 3668
INFO 2025-08-04 20:01:18,576 basehttp 20028 26480 "POST /auth/login/ HTTP/1.1" 302 0
INFO 2025-08-04 20:01:18,619 basehttp 20028 26480 "GET /problems/ HTTP/1.1" 200 2666
INFO 2025-08-04 20:03:40,942 basehttp 20028 26480 "GET /problem/SUM2NUM/ HTTP/1.1" 200 28031
INFO 2025-08-04 20:03:49,351 basehttp 20028 26480 "GET /compiler/ai-review/36/ HTTP/1.1" 200 2651
INFO 2025-08-07 21:50:33,513 autoreload 1176 14880 Watching for file changes with StatReloader
INFO 2025-08-07 21:51:03,404 autoreload 7812 12076 Watching for file changes with StatReloader
